{"/home/kiril/projects/testProject/src/components/Common/ErrorState.tsx": {"path":"/home/kiril/projects/testProject/src/components/Common/ErrorState.tsx","statementMap":{"0":{"start":{"line":12,"column":2},"end":{"line":22,"column":null}}},"fnMap":{"0":{"name":"ErrorState","decl":{"start":{"line":7,"column":16},"end":{"line":7,"column":27}},"loc":{"start":{"line":11,"column":20},"end":{"line":24,"column":null}},"line":11}},"branchMap":{"0":{"loc":{"start":{"line":8,"column":2},"end":{"line":8,"column":null}},"type":"default-arg","locations":[{"start":{"line":8,"column":12},"end":{"line":8,"column":null}}],"line":8},"1":{"loc":{"start":{"line":10,"column":2},"end":{"line":10,"column":null}},"type":"default-arg","locations":[{"start":{"line":10,"column":14},"end":{"line":10,"column":null}}],"line":10}},"s":{"0":2},"f":{"0":2},"b":{"0":[2],"1":[2]},"meta":{"lastBranch":2,"lastFunction":1,"lastStatement":1,"seen":{"f:7:16:7:27":0,"b:8:12:8:Infinity":0,"b:10:14:10:Infinity":1,"s:12:2:22:Infinity":0},"fnNames":{}}}
,"/home/kiril/projects/testProject/src/hooks/useDebounce.ts": {"path":"/home/kiril/projects/testProject/src/hooks/useDebounce.ts","statementMap":{"0":{"start":{"line":4,"column":46},"end":{"line":4,"column":null}},"1":{"start":{"line":6,"column":2},"end":{"line":14,"column":null}},"2":{"start":{"line":7,"column":18},"end":{"line":9,"column":null}},"3":{"start":{"line":8,"column":6},"end":{"line":8,"column":null}},"4":{"start":{"line":11,"column":4},"end":{"line":13,"column":null}},"5":{"start":{"line":12,"column":6},"end":{"line":12,"column":null}},"6":{"start":{"line":16,"column":2},"end":{"line":16,"column":null}}},"fnMap":{"0":{"name":"useDebounce","decl":{"start":{"line":3,"column":9},"end":{"line":3,"column":24}},"loc":{"start":{"line":3,"column":58},"end":{"line":17,"column":null}},"line":3},"1":{"name":"(anonymous_1)","decl":{"start":{"line":6,"column":2},"end":{"line":6,"column":18}},"loc":{"start":{"line":6,"column":18},"end":{"line":14,"column":5}},"line":6},"2":{"name":"(anonymous_2)","decl":{"start":{"line":7,"column":18},"end":{"line":7,"column":35}},"loc":{"start":{"line":7,"column":35},"end":{"line":9,"column":7}},"line":7},"3":{"name":"(anonymous_3)","decl":{"start":{"line":11,"column":4},"end":{"line":11,"column":17}},"loc":{"start":{"line":11,"column":17},"end":{"line":13,"column":null}},"line":11}},"branchMap":{"0":{"loc":{"start":{"line":3,"column":34},"end":{"line":3,"column":58}},"type":"default-arg","locations":[{"start":{"line":3,"column":50},"end":{"line":3,"column":58}}],"line":3}},"s":{"0":10,"1":10,"2":8,"3":2,"4":8,"5":8,"6":10},"f":{"0":10,"1":8,"2":2,"3":8},"b":{"0":[10]},"meta":{"lastBranch":1,"lastFunction":4,"lastStatement":7,"seen":{"f:3:9:3:24":0,"b:3:50:3:58":0,"s:4:46:4:Infinity":0,"s:6:2:14:Infinity":1,"f:6:2:6:18":1,"s:7:18:9:Infinity":2,"f:7:18:7:35":2,"s:8:6:8:Infinity":3,"s:11:4:13:Infinity":4,"f:11:4:11:17":3,"s:12:6:12:Infinity":5,"s:16:2:16:Infinity":6},"fnNames":{}}}
,"/home/kiril/projects/testProject/src/utils/validation.ts": {"path":"/home/kiril/projects/testProject/src/utils/validation.ts","statementMap":{"0":{"start":{"line":17,"column":39},"end":{"line":17,"column":null}},"1":{"start":{"line":19,"column":2},"end":{"line":21,"column":null}},"2":{"start":{"line":20,"column":4},"end":{"line":20,"column":null}},"3":{"start":{"line":23,"column":25},"end":{"line":23,"column":null}},"4":{"start":{"line":24,"column":21},"end":{"line":24,"column":null}},"5":{"start":{"line":25,"column":24},"end":{"line":25,"column":null}},"6":{"start":{"line":27,"column":2},"end":{"line":29,"column":null}},"7":{"start":{"line":28,"column":4},"end":{"line":28,"column":null}},"8":{"start":{"line":31,"column":2},"end":{"line":33,"column":null}},"9":{"start":{"line":32,"column":4},"end":{"line":32,"column":null}},"10":{"start":{"line":35,"column":2},"end":{"line":38,"column":null}}},"fnMap":{"0":{"name":"validateApplicationForm","decl":{"start":{"line":13,"column":16},"end":{"line":13,"column":null}},"loc":{"start":{"line":16,"column":54},"end":{"line":39,"column":null}},"line":16}},"branchMap":{"0":{"loc":{"start":{"line":19,"column":2},"end":{"line":21,"column":null}},"type":"if","locations":[{"start":{"line":19,"column":2},"end":{"line":21,"column":null}},{"start":{},"end":{}}],"line":19},"1":{"loc":{"start":{"line":19,"column":6},"end":{"line":19,"column":49}},"type":"binary-expr","locations":[{"start":{"line":19,"column":6},"end":{"line":19,"column":20}},{"start":{"line":19,"column":20},"end":{"line":19,"column":49}}],"line":19},"2":{"loc":{"start":{"line":23,"column":25},"end":{"line":23,"column":null}},"type":"cond-expr","locations":[{"start":{"line":23,"column":40},"end":{"line":23,"column":62}},{"start":{"line":23,"column":62},"end":{"line":23,"column":null}}],"line":23},"3":{"loc":{"start":{"line":27,"column":2},"end":{"line":29,"column":null}},"type":"if","locations":[{"start":{"line":27,"column":2},"end":{"line":29,"column":null}},{"start":{},"end":{}}],"line":27},"4":{"loc":{"start":{"line":27,"column":6},"end":{"line":27,"column":79}},"type":"binary-expr","locations":[{"start":{"line":27,"column":6},"end":{"line":27,"column":42}},{"start":{"line":27,"column":42},"end":{"line":27,"column":79}}],"line":27},"5":{"loc":{"start":{"line":31,"column":2},"end":{"line":33,"column":null}},"type":"if","locations":[{"start":{"line":31,"column":2},"end":{"line":33,"column":null}},{"start":{},"end":{}}],"line":31},"6":{"loc":{"start":{"line":31,"column":6},"end":{"line":31,"column":49}},"type":"binary-expr","locations":[{"start":{"line":31,"column":6},"end":{"line":31,"column":22}},{"start":{"line":31,"column":22},"end":{"line":31,"column":49}}],"line":31}},"s":{"0":12,"1":12,"2":2,"3":12,"4":12,"5":12,"6":12,"7":6,"8":12,"9":1,"10":12},"f":{"0":12},"b":{"0":[2,10],"1":[12,12],"2":[11,1],"3":[6,6],"4":[12,7],"5":[1,11],"6":[12,2]},"meta":{"lastBranch":7,"lastFunction":1,"lastStatement":11,"seen":{"f:13:16:13:Infinity":0,"s:17:39:17:Infinity":0,"b:19:2:21:Infinity:undefined:undefined:undefined:undefined":0,"s:19:2:21:Infinity":1,"b:19:6:19:20:19:20:19:49":1,"s:20:4:20:Infinity":2,"s:23:25:23:Infinity":3,"b:23:40:23:62:23:62:23:Infinity":2,"s:24:21:24:Infinity":4,"s:25:24:25:Infinity":5,"b:27:2:29:Infinity:undefined:undefined:undefined:undefined":3,"s:27:2:29:Infinity":6,"b:27:6:27:42:27:42:27:79":4,"s:28:4:28:Infinity":7,"b:31:2:33:Infinity:undefined:undefined:undefined:undefined":5,"s:31:2:33:Infinity":8,"b:31:6:31:22:31:22:31:49":6,"s:32:4:32:Infinity":9,"s:35:2:38:Infinity":10},"fnNames":{}}}
}
